2025-10-12 16:19:48.995 [restartedMain] INFO  c.n.TenantManagementApplication - Starting TenantManagementApplication using Java 17.0.5 with PID 15744 (D:\njbGroup\home\ubuntu\nbj-group\backend\target\classes started by emilg in D:\njbGroup\home\ubuntu\nbj-group\backend)
2025-10-12 16:19:49.010 [restartedMain] DEBUG c.n.TenantManagementApplication - Running with Spring Boot v3.2.0, Spring v6.1.1
2025-10-12 16:19:49.011 [restartedMain] INFO  c.n.TenantManagementApplication - No active profile set, falling back to 1 default profile: "default"
2025-10-12 16:19:49.178 [restartedMain] INFO  o.s.b.d.e.DevToolsPropertyDefaultsPostProcessor - Devtools property defaults active! Set 'spring.devtools.add-properties' to 'false' to disable
2025-10-12 16:19:49.181 [restartedMain] INFO  o.s.b.d.e.DevToolsPropertyDefaultsPostProcessor - For additional web related logging consider setting the 'logging.level.web' property to 'DEBUG'
2025-10-12 16:19:52.704 [restartedMain] INFO  o.s.d.r.c.RepositoryConfigurationDelegate - Bootstrapping Spring Data JPA repositories in DEFAULT mode.
2025-10-12 16:19:52.924 [restartedMain] INFO  o.s.d.r.c.RepositoryConfigurationDelegate - Finished Spring Data repository scanning in 202 ms. Found 6 JPA repository interfaces.
2025-10-12 16:19:58.831 [restartedMain] INFO  o.s.b.w.e.tomcat.TomcatWebServer - Tomcat initialized with port 8080 (http)
2025-10-12 16:19:58.871 [restartedMain] INFO  o.a.catalina.core.StandardService - Starting service [Tomcat]
2025-10-12 16:19:58.871 [restartedMain] INFO  o.a.catalina.core.StandardEngine - Starting Servlet engine: [Apache Tomcat/10.1.16]
2025-10-12 16:19:59.057 [restartedMain] INFO  o.a.c.c.C.[.[localhost].[/api] - Initializing Spring embedded WebApplicationContext
2025-10-12 16:19:59.059 [restartedMain] INFO  o.s.b.w.s.c.ServletWebServerApplicationContext - Root WebApplicationContext: initialization completed in 9874 ms
2025-10-12 16:20:00.471 [restartedMain] INFO  o.h.jpa.internal.util.LogHelper - HHH000204: Processing PersistenceUnitInfo [name: default]
2025-10-12 16:20:00.622 [restartedMain] INFO  org.hibernate.Version - HHH000412: Hibernate ORM core version 6.3.1.Final
2025-10-12 16:20:00.747 [restartedMain] INFO  o.h.c.i.RegionFactoryInitiator - HHH000026: Second-level cache disabled
2025-10-12 16:20:01.354 [restartedMain] INFO  o.s.o.j.p.SpringPersistenceUnitInfo - No LoadTimeWeaver setup: ignoring JPA class transformer
2025-10-12 16:20:01.433 [restartedMain] INFO  com.zaxxer.hikari.HikariDataSource - HikariPool-1 - Starting...
2025-10-12 16:20:01.811 [restartedMain] INFO  com.zaxxer.hikari.pool.HikariPool - HikariPool-1 - Added connection org.postgresql.jdbc.PgConnection@6efc54b7
2025-10-12 16:20:01.813 [restartedMain] INFO  com.zaxxer.hikari.HikariDataSource - HikariPool-1 - Start completed.
2025-10-12 16:20:01.952 [restartedMain] WARN  org.hibernate.orm.deprecation - HHH90000025: PostgreSQLDialect does not need to be specified explicitly using 'hibernate.dialect' (remove the property setting and it will be selected by default)
2025-10-12 16:20:05.417 [restartedMain] INFO  o.h.e.t.j.p.i.JtaPlatformInitiator - HHH000489: No JTA platform available (set 'hibernate.transaction.jta.platform' to enable JTA platform integration)
2025-10-12 16:20:05.885 [restartedMain] INFO  o.s.o.j.LocalContainerEntityManagerFactoryBean - Initialized JPA EntityManagerFactory for persistence unit 'default'
2025-10-12 16:20:07.008 [restartedMain] INFO  o.s.d.j.r.query.QueryEnhancerFactory - Hibernate is in classpath; If applicable, HQL parser will be used.
2025-10-12 16:20:09.757 [restartedMain] DEBUG c.n.security.JwtAuthenticationFilter - Filter 'jwtAuthenticationFilter' configured for use
2025-10-12 16:20:09.760 [restartedMain] DEBUG o.s.w.f.ServerHttpObservationFilter - Filter 'webMvcObservationFilter' configured for use
2025-10-12 16:20:13.498 [restartedMain] WARN  o.s.b.a.o.j.JpaBaseConfiguration$JpaWebConfiguration - spring.jpa.open-in-view is enabled by default. Therefore, database queries may be performed during view rendering. Explicitly configure spring.jpa.open-in-view to disable this warning
2025-10-12 16:20:14.250 [restartedMain] DEBUG o.s.w.s.m.m.a.RequestMappingHandlerMapping - 21 mappings in 'requestMappingHandlerMapping'
2025-10-12 16:20:14.577 [restartedMain] DEBUG o.s.w.s.h.SimpleUrlHandlerMapping - Patterns [/webjars/**, /**] in 'resourceHandlerMapping'
2025-10-12 16:20:14.859 [restartedMain] INFO  o.s.b.a.e.web.EndpointLinksResolver - Exposing 3 endpoint(s) beneath base path '/actuator'
2025-10-12 16:20:14.985 [restartedMain] INFO  o.s.s.web.DefaultSecurityFilterChain - Will secure any request with [org.springframework.security.web.session.DisableEncodeUrlFilter@274c2cfa, org.springframework.security.web.context.request.async.WebAsyncManagerIntegrationFilter@3a3d7a6f, org.springframework.security.web.context.SecurityContextHolderFilter@4228cef0, org.springframework.security.web.header.HeaderWriterFilter@68982f6, org.springframework.web.filter.CorsFilter@24a3f54f, org.springframework.security.web.authentication.logout.LogoutFilter@3fecb34c, com.nbjgroup.security.JwtAuthenticationFilter@3ce2b1e, org.springframework.security.web.savedrequest.RequestCacheAwareFilter@70a10d49, org.springframework.security.web.servletapi.SecurityContextHolderAwareRequestFilter@1acdcfc2, org.springframework.security.web.authentication.AnonymousAuthenticationFilter@5c70958c, org.springframework.security.web.session.SessionManagementFilter@1ba2dac3, org.springframework.security.web.access.ExceptionTranslationFilter@3b10d390, org.springframework.security.web.access.intercept.AuthorizationFilter@2e08ff89]
2025-10-12 16:20:15.417 [restartedMain] DEBUG o.s.w.s.m.m.a.RequestMappingHandlerAdapter - ControllerAdvice beans: 0 @ModelAttribute, 0 @InitBinder, 1 RequestBodyAdvice, 1 ResponseBodyAdvice
2025-10-12 16:20:15.571 [restartedMain] DEBUG o.s.w.s.m.m.a.ExceptionHandlerExceptionResolver - ControllerAdvice beans: 0 @ExceptionHandler, 1 ResponseBodyAdvice
2025-10-12 16:20:18.534 [restartedMain] INFO  o.s.b.d.a.OptionalLiveReloadServer - LiveReload server is running on port 35729
2025-10-12 16:20:18.983 [restartedMain] INFO  o.s.b.w.e.tomcat.TomcatWebServer - Tomcat started on port 8080 (http) with context path '/api'
2025-10-12 16:20:19.018 [restartedMain] INFO  c.n.TenantManagementApplication - Started TenantManagementApplication in 31.292 seconds (process running for 33.605)
2025-10-12 16:20:45.741 [http-nio-8080-exec-1] INFO  o.a.c.c.C.[.[localhost].[/api] - Initializing Spring DispatcherServlet 'dispatcherServlet'
2025-10-12 16:20:45.744 [http-nio-8080-exec-1] INFO  o.s.web.servlet.DispatcherServlet - Initializing Servlet 'dispatcherServlet'
2025-10-12 16:20:45.746 [http-nio-8080-exec-1] DEBUG o.s.web.servlet.DispatcherServlet - Detected StandardServletMultipartResolver
2025-10-12 16:20:45.746 [http-nio-8080-exec-1] DEBUG o.s.web.servlet.DispatcherServlet - Detected AcceptHeaderLocaleResolver
2025-10-12 16:20:45.746 [http-nio-8080-exec-1] DEBUG o.s.web.servlet.DispatcherServlet - Detected FixedThemeResolver
2025-10-12 16:20:45.755 [http-nio-8080-exec-1] DEBUG o.s.web.servlet.DispatcherServlet - Detected org.springframework.web.servlet.view.DefaultRequestToViewNameTranslator@1452118
2025-10-12 16:20:45.755 [http-nio-8080-exec-1] DEBUG o.s.web.servlet.DispatcherServlet - Detected org.springframework.web.servlet.support.SessionFlashMapManager@621c5af
2025-10-12 16:20:45.755 [http-nio-8080-exec-1] DEBUG o.s.web.servlet.DispatcherServlet - enableLoggingRequestDetails='false': request parameters and headers will be masked to prevent unsafe logging of potentially sensitive data
2025-10-12 16:20:45.755 [http-nio-8080-exec-1] INFO  o.s.web.servlet.DispatcherServlet - Completed initialization in 11 ms
2025-10-12 16:20:45.800 [http-nio-8080-exec-6] DEBUG o.s.security.web.FilterChainProxy - Securing OPTIONS /tenants?page=0&size=10
2025-10-12 16:20:45.800 [http-nio-8080-exec-1] DEBUG o.s.security.web.FilterChainProxy - Securing OPTIONS /tenants?page=0&size=10
2025-10-12 16:20:45.871 [http-nio-8080-exec-7] DEBUG o.s.security.web.FilterChainProxy - Securing GET /tenants?page=0&size=10
2025-10-12 16:20:46.068 [http-nio-8080-exec-7] ERROR c.nbjgroup.security.JwtTokenProvider - JWT token is expired: JWT expired at 2025-10-07T14:20:18Z. Current time: 2025-10-12T20:20:46Z, a difference of 453628068 milliseconds.  Allowed clock skew: 0 milliseconds.
2025-10-12 16:20:46.068 [http-nio-8080-exec-7] WARN  c.n.security.JwtAuthenticationFilter - Invalid JWT token received
2025-10-12 16:20:46.077 [http-nio-8080-exec-7] DEBUG o.s.s.w.a.AnonymousAuthenticationFilter - Set SecurityContextHolder to anonymous SecurityContext
2025-10-12 16:20:46.084 [http-nio-8080-exec-7] WARN  o.s.w.s.h.HandlerMappingIntrospector - Cache miss for REQUEST dispatch to '/api/tenants' (previous null). Performing MatchableHandlerMapping lookup. This is logged once only at WARN level, and every time at TRACE.
2025-10-12 16:20:46.132 [http-nio-8080-exec-7] DEBUG o.s.s.w.a.Http403ForbiddenEntryPoint - Pre-authenticated entry point called. Rejecting access
2025-10-12 16:20:46.148 [http-nio-8080-exec-7] DEBUG o.s.security.web.FilterChainProxy - Securing GET /error?page=0&size=10
2025-10-12 16:20:46.165 [http-nio-8080-exec-7] DEBUG o.s.s.w.a.AnonymousAuthenticationFilter - Set SecurityContextHolder to anonymous SecurityContext
2025-10-12 16:20:46.165 [http-nio-8080-exec-7] DEBUG o.s.s.w.a.Http403ForbiddenEntryPoint - Pre-authenticated entry point called. Rejecting access
2025-10-12 16:20:46.174 [http-nio-8080-exec-8] DEBUG o.s.security.web.FilterChainProxy - Securing GET /tenants?page=0&size=10
2025-10-12 16:20:46.192 [http-nio-8080-exec-8] ERROR c.nbjgroup.security.JwtTokenProvider - JWT token is expired: JWT expired at 2025-10-07T14:20:18Z. Current time: 2025-10-12T20:20:46Z, a difference of 453628190 milliseconds.  Allowed clock skew: 0 milliseconds.
2025-10-12 16:20:46.192 [http-nio-8080-exec-8] WARN  c.n.security.JwtAuthenticationFilter - Invalid JWT token received
2025-10-12 16:20:46.194 [http-nio-8080-exec-8] DEBUG o.s.s.w.a.AnonymousAuthenticationFilter - Set SecurityContextHolder to anonymous SecurityContext
2025-10-12 16:20:46.202 [http-nio-8080-exec-8] DEBUG o.s.s.w.a.Http403ForbiddenEntryPoint - Pre-authenticated entry point called. Rejecting access
2025-10-12 16:20:46.204 [http-nio-8080-exec-8] DEBUG o.s.security.web.FilterChainProxy - Securing GET /error?page=0&size=10
2025-10-12 16:20:46.210 [http-nio-8080-exec-8] DEBUG o.s.s.w.a.AnonymousAuthenticationFilter - Set SecurityContextHolder to anonymous SecurityContext
2025-10-12 16:20:46.212 [http-nio-8080-exec-8] DEBUG o.s.s.w.a.Http403ForbiddenEntryPoint - Pre-authenticated entry point called. Rejecting access
2025-10-12 16:20:50.701 [http-nio-8080-exec-3] DEBUG o.s.security.web.FilterChainProxy - Securing OPTIONS /maintenance?sortBy=createdAt&sortDir=desc
2025-10-12 16:20:50.708 [http-nio-8080-exec-4] DEBUG o.s.security.web.FilterChainProxy - Securing OPTIONS /maintenance?sortBy=createdAt&sortDir=desc
2025-10-12 16:20:50.713 [http-nio-8080-exec-5] DEBUG o.s.security.web.FilterChainProxy - Securing GET /maintenance?sortBy=createdAt&sortDir=desc
2025-10-12 16:20:50.717 [http-nio-8080-exec-5] ERROR c.nbjgroup.security.JwtTokenProvider - JWT token is expired: JWT expired at 2025-10-07T14:20:18Z. Current time: 2025-10-12T20:20:50Z, a difference of 453632717 milliseconds.  Allowed clock skew: 0 milliseconds.
2025-10-12 16:20:50.717 [http-nio-8080-exec-5] WARN  c.n.security.JwtAuthenticationFilter - Invalid JWT token received
2025-10-12 16:20:50.717 [http-nio-8080-exec-5] DEBUG o.s.s.w.a.AnonymousAuthenticationFilter - Set SecurityContextHolder to anonymous SecurityContext
2025-10-12 16:20:50.717 [http-nio-8080-exec-5] DEBUG o.s.s.w.a.Http403ForbiddenEntryPoint - Pre-authenticated entry point called. Rejecting access
2025-10-12 16:20:50.717 [http-nio-8080-exec-5] DEBUG o.s.security.web.FilterChainProxy - Securing GET /error?sortBy=createdAt&sortDir=desc
2025-10-12 16:20:50.717 [http-nio-8080-exec-5] DEBUG o.s.s.w.a.AnonymousAuthenticationFilter - Set SecurityContextHolder to anonymous SecurityContext
2025-10-12 16:20:50.717 [http-nio-8080-exec-5] DEBUG o.s.s.w.a.Http403ForbiddenEntryPoint - Pre-authenticated entry point called. Rejecting access
2025-10-12 16:20:50.734 [http-nio-8080-exec-10] DEBUG o.s.security.web.FilterChainProxy - Securing GET /maintenance?sortBy=createdAt&sortDir=desc
2025-10-12 16:20:50.745 [http-nio-8080-exec-10] ERROR c.nbjgroup.security.JwtTokenProvider - JWT token is expired: JWT expired at 2025-10-07T14:20:18Z. Current time: 2025-10-12T20:20:50Z, a difference of 453632743 milliseconds.  Allowed clock skew: 0 milliseconds.
2025-10-12 16:20:50.747 [http-nio-8080-exec-10] WARN  c.n.security.JwtAuthenticationFilter - Invalid JWT token received
2025-10-12 16:20:50.747 [http-nio-8080-exec-10] DEBUG o.s.s.w.a.AnonymousAuthenticationFilter - Set SecurityContextHolder to anonymous SecurityContext
2025-10-12 16:20:50.751 [http-nio-8080-exec-10] DEBUG o.s.s.w.a.Http403ForbiddenEntryPoint - Pre-authenticated entry point called. Rejecting access
2025-10-12 16:20:50.751 [http-nio-8080-exec-10] DEBUG o.s.security.web.FilterChainProxy - Securing GET /error?sortBy=createdAt&sortDir=desc
2025-10-12 16:20:50.756 [http-nio-8080-exec-10] DEBUG o.s.s.w.a.AnonymousAuthenticationFilter - Set SecurityContextHolder to anonymous SecurityContext
2025-10-12 16:20:50.758 [http-nio-8080-exec-10] DEBUG o.s.s.w.a.Http403ForbiddenEntryPoint - Pre-authenticated entry point called. Rejecting access
2025-10-12 16:20:57.750 [http-nio-8080-exec-1] DEBUG o.s.security.web.FilterChainProxy - Securing GET /maintenance?sortBy=createdAt&sortDir=desc
2025-10-12 16:20:57.760 [http-nio-8080-exec-1] ERROR c.nbjgroup.security.JwtTokenProvider - JWT token is expired: JWT expired at 2025-10-07T14:20:18Z. Current time: 2025-10-12T20:20:57Z, a difference of 453639760 milliseconds.  Allowed clock skew: 0 milliseconds.
2025-10-12 16:20:57.762 [http-nio-8080-exec-1] WARN  c.n.security.JwtAuthenticationFilter - Invalid JWT token received
2025-10-12 16:20:57.764 [http-nio-8080-exec-1] DEBUG o.s.s.w.a.AnonymousAuthenticationFilter - Set SecurityContextHolder to anonymous SecurityContext
2025-10-12 16:20:57.768 [http-nio-8080-exec-1] DEBUG o.s.s.w.a.Http403ForbiddenEntryPoint - Pre-authenticated entry point called. Rejecting access
2025-10-12 16:20:57.780 [http-nio-8080-exec-1] DEBUG o.s.security.web.FilterChainProxy - Securing GET /error?sortBy=createdAt&sortDir=desc
2025-10-12 16:20:57.788 [http-nio-8080-exec-1] DEBUG o.s.s.w.a.AnonymousAuthenticationFilter - Set SecurityContextHolder to anonymous SecurityContext
2025-10-12 16:20:57.789 [http-nio-8080-exec-1] DEBUG o.s.s.w.a.Http403ForbiddenEntryPoint - Pre-authenticated entry point called. Rejecting access
2025-10-12 16:20:57.795 [http-nio-8080-exec-6] DEBUG o.s.security.web.FilterChainProxy - Securing GET /maintenance?sortBy=createdAt&sortDir=desc
2025-10-12 16:20:57.812 [http-nio-8080-exec-6] ERROR c.nbjgroup.security.JwtTokenProvider - JWT token is expired: JWT expired at 2025-10-07T14:20:18Z. Current time: 2025-10-12T20:20:57Z, a difference of 453639809 milliseconds.  Allowed clock skew: 0 milliseconds.
2025-10-12 16:20:57.812 [http-nio-8080-exec-6] WARN  c.n.security.JwtAuthenticationFilter - Invalid JWT token received
2025-10-12 16:20:57.816 [http-nio-8080-exec-6] DEBUG o.s.s.w.a.AnonymousAuthenticationFilter - Set SecurityContextHolder to anonymous SecurityContext
2025-10-12 16:20:57.824 [http-nio-8080-exec-6] DEBUG o.s.s.w.a.Http403ForbiddenEntryPoint - Pre-authenticated entry point called. Rejecting access
2025-10-12 16:20:57.828 [http-nio-8080-exec-6] DEBUG o.s.security.web.FilterChainProxy - Securing GET /error?sortBy=createdAt&sortDir=desc
2025-10-12 16:20:57.838 [http-nio-8080-exec-6] DEBUG o.s.s.w.a.AnonymousAuthenticationFilter - Set SecurityContextHolder to anonymous SecurityContext
2025-10-12 16:20:57.839 [http-nio-8080-exec-6] DEBUG o.s.s.w.a.Http403ForbiddenEntryPoint - Pre-authenticated entry point called. Rejecting access
2025-10-12 16:20:59.037 [http-nio-8080-exec-7] DEBUG o.s.security.web.FilterChainProxy - Securing GET /tenants?page=0&size=10
2025-10-12 16:20:59.044 [http-nio-8080-exec-7] ERROR c.nbjgroup.security.JwtTokenProvider - JWT token is expired: JWT expired at 2025-10-07T14:20:18Z. Current time: 2025-10-12T20:20:59Z, a difference of 453641044 milliseconds.  Allowed clock skew: 0 milliseconds.
2025-10-12 16:20:59.046 [http-nio-8080-exec-7] WARN  c.n.security.JwtAuthenticationFilter - Invalid JWT token received
2025-10-12 16:20:59.047 [http-nio-8080-exec-7] DEBUG o.s.s.w.a.AnonymousAuthenticationFilter - Set SecurityContextHolder to anonymous SecurityContext
2025-10-12 16:20:59.048 [http-nio-8080-exec-7] DEBUG o.s.s.w.a.Http403ForbiddenEntryPoint - Pre-authenticated entry point called. Rejecting access
2025-10-12 16:20:59.048 [http-nio-8080-exec-7] DEBUG o.s.security.web.FilterChainProxy - Securing GET /error?page=0&size=10
2025-10-12 16:20:59.051 [http-nio-8080-exec-7] DEBUG o.s.s.w.a.AnonymousAuthenticationFilter - Set SecurityContextHolder to anonymous SecurityContext
2025-10-12 16:20:59.051 [http-nio-8080-exec-7] DEBUG o.s.s.w.a.Http403ForbiddenEntryPoint - Pre-authenticated entry point called. Rejecting access
2025-10-12 16:20:59.054 [http-nio-8080-exec-8] DEBUG o.s.security.web.FilterChainProxy - Securing GET /tenants?page=0&size=10
2025-10-12 16:20:59.056 [http-nio-8080-exec-8] ERROR c.nbjgroup.security.JwtTokenProvider - JWT token is expired: JWT expired at 2025-10-07T14:20:18Z. Current time: 2025-10-12T20:20:59Z, a difference of 453641056 milliseconds.  Allowed clock skew: 0 milliseconds.
2025-10-12 16:20:59.056 [http-nio-8080-exec-8] WARN  c.n.security.JwtAuthenticationFilter - Invalid JWT token received
2025-10-12 16:20:59.056 [http-nio-8080-exec-8] DEBUG o.s.s.w.a.AnonymousAuthenticationFilter - Set SecurityContextHolder to anonymous SecurityContext
2025-10-12 16:20:59.062 [http-nio-8080-exec-8] DEBUG o.s.s.w.a.Http403ForbiddenEntryPoint - Pre-authenticated entry point called. Rejecting access
2025-10-12 16:20:59.062 [http-nio-8080-exec-8] DEBUG o.s.security.web.FilterChainProxy - Securing GET /error?page=0&size=10
2025-10-12 16:20:59.062 [http-nio-8080-exec-8] DEBUG o.s.s.w.a.AnonymousAuthenticationFilter - Set SecurityContextHolder to anonymous SecurityContext
2025-10-12 16:20:59.062 [http-nio-8080-exec-8] DEBUG o.s.s.w.a.Http403ForbiddenEntryPoint - Pre-authenticated entry point called. Rejecting access
2025-10-12 16:22:29.421 [http-nio-8080-exec-3] DEBUG o.s.security.web.FilterChainProxy - Securing OPTIONS /auth/login
2025-10-12 16:22:29.430 [http-nio-8080-exec-4] DEBUG o.s.security.web.FilterChainProxy - Securing POST /auth/login
2025-10-12 16:22:29.430 [http-nio-8080-exec-4] DEBUG o.s.s.w.a.AnonymousAuthenticationFilter - Set SecurityContextHolder to anonymous SecurityContext
2025-10-12 16:22:29.437 [http-nio-8080-exec-4] DEBUG o.s.security.web.FilterChainProxy - Secured POST /auth/login
2025-10-12 16:22:29.437 [http-nio-8080-exec-4] DEBUG o.s.web.servlet.DispatcherServlet - POST "/api/auth/login", parameters={}
2025-10-12 16:22:29.447 [http-nio-8080-exec-4] DEBUG o.s.w.s.m.m.a.RequestMappingHandlerMapping - Mapped to com.nbjgroup.controller.AuthController#login(LoginRequest)
2025-10-12 16:22:29.578 [http-nio-8080-exec-4] DEBUG o.s.w.s.m.m.a.RequestResponseBodyMethodProcessor - Read "application/json;charset=UTF-8" to [LoginRequest{email='main.admin@nbjgroup.com', rememberMe=false}]
2025-10-12 16:22:29.763 [http-nio-8080-exec-4] INFO  c.nbjgroup.controller.AuthController - Login attempt for user: main.admin@nbjgroup.com
2025-10-12 16:22:30.228 [http-nio-8080-exec-4] DEBUG c.n.s.CustomUserDetailsService - Loading user by username: main.admin@nbjgroup.com
2025-10-12 16:22:30.594 [http-nio-8080-exec-4] DEBUG c.n.s.CustomUserDetailsService - User found: main.admin@nbjgroup.com with role: ADMIN
2025-10-12 16:22:30.880 [http-nio-8080-exec-4] DEBUG o.s.s.a.d.DaoAuthenticationProvider - Authenticated user
2025-10-12 16:22:30.963 [http-nio-8080-exec-4] DEBUG c.n.s.CustomUserDetailsService - Updated last login for user: main.admin@nbjgroup.com
2025-10-12 16:22:31.113 [http-nio-8080-exec-4] INFO  c.nbjgroup.controller.AuthController - Login successful for user: main.admin@nbjgroup.com
2025-10-12 16:22:31.141 [http-nio-8080-exec-4] DEBUG o.s.w.s.m.m.a.HttpEntityMethodProcessor - Using 'application/json', given [application/json, text/plain, */*] and supported [application/json, application/*+json]
2025-10-12 16:22:31.141 [http-nio-8080-exec-4] DEBUG o.s.w.s.m.m.a.HttpEntityMethodProcessor - Writing [com.nbjgroup.dto.auth.AuthResponse@39086f10]
2025-10-12 16:22:31.162 [http-nio-8080-exec-4] DEBUG o.s.web.servlet.DispatcherServlet - Completed 200 OK
2025-10-12 16:22:35.001 [http-nio-8080-exec-5] DEBUG o.s.security.web.FilterChainProxy - Securing GET /tenants?page=0&size=10
2025-10-12 16:22:35.018 [http-nio-8080-exec-5] DEBUG c.n.s.CustomUserDetailsService - Loading user by username: main.admin@nbjgroup.com
2025-10-12 16:22:35.025 [http-nio-8080-exec-5] DEBUG c.n.s.CustomUserDetailsService - User found: main.admin@nbjgroup.com with role: ADMIN
2025-10-12 16:22:35.042 [http-nio-8080-exec-5] DEBUG c.n.security.JwtAuthenticationFilter - Set authentication for user: main.admin@nbjgroup.com
2025-10-12 16:22:35.052 [http-nio-8080-exec-5] DEBUG o.s.security.web.FilterChainProxy - Secured GET /tenants?page=0&size=10
2025-10-12 16:22:35.058 [http-nio-8080-exec-5] DEBUG o.s.web.servlet.DispatcherServlet - GET "/api/tenants?page=0&size=10", parameters={masked}
2025-10-12 16:22:35.060 [http-nio-8080-exec-5] DEBUG o.s.w.s.m.m.a.RequestMappingHandlerMapping - Mapped to com.nbjgroup.controller.TenantController#getAllTenants(int, int, String, String)
2025-10-12 16:22:35.089 [http-nio-8080-exec-5] DEBUG o.s.s.a.m.AuthorizationManagerBeforeMethodInterceptor - Authorizing method invocation ReflectiveMethodInvocation: public org.springframework.http.ResponseEntity com.nbjgroup.controller.TenantController.getAllTenants(int,int,java.lang.String,java.lang.String); target is of class [com.nbjgroup.controller.TenantController]
2025-10-12 16:22:35.151 [http-nio-8080-exec-5] DEBUG o.s.s.a.m.AuthorizationManagerBeforeMethodInterceptor - Authorized method invocation ReflectiveMethodInvocation: public org.springframework.http.ResponseEntity com.nbjgroup.controller.TenantController.getAllTenants(int,int,java.lang.String,java.lang.String); target is of class [com.nbjgroup.controller.TenantController]
2025-10-12 16:22:35.226 [http-nio-8080-exec-5] DEBUG o.s.w.s.m.m.a.HttpEntityMethodProcessor - Using 'application/json', given [application/json, text/plain, */*] and supported [application/json, application/*+json]
2025-10-12 16:22:35.230 [http-nio-8080-exec-5] DEBUG o.s.w.s.m.m.a.HttpEntityMethodProcessor - Writing [{tenants=[com.nbjgroup.dto.TenantResponseDTO@1c6aa055, com.nbjgroup.dto.TenantResponseDTO@2e583c9d,  (truncated)...]
2025-10-12 16:22:35.244 [http-nio-8080-exec-5] DEBUG o.s.web.servlet.DispatcherServlet - Completed 200 OK
2025-10-12 16:22:35.244 [http-nio-8080-exec-10] DEBUG o.s.security.web.FilterChainProxy - Securing GET /tenants?page=0&size=10
2025-10-12 16:22:35.256 [http-nio-8080-exec-10] DEBUG c.n.s.CustomUserDetailsService - Loading user by username: main.admin@nbjgroup.com
2025-10-12 16:22:35.264 [http-nio-8080-exec-10] DEBUG c.n.s.CustomUserDetailsService - User found: main.admin@nbjgroup.com with role: ADMIN
2025-10-12 16:22:35.268 [http-nio-8080-exec-10] DEBUG c.n.security.JwtAuthenticationFilter - Set authentication for user: main.admin@nbjgroup.com
2025-10-12 16:22:35.271 [http-nio-8080-exec-10] DEBUG o.s.security.web.FilterChainProxy - Secured GET /tenants?page=0&size=10
2025-10-12 16:22:35.271 [http-nio-8080-exec-10] DEBUG o.s.web.servlet.DispatcherServlet - GET "/api/tenants?page=0&size=10", parameters={masked}
2025-10-12 16:22:35.272 [http-nio-8080-exec-10] DEBUG o.s.w.s.m.m.a.RequestMappingHandlerMapping - Mapped to com.nbjgroup.controller.TenantController#getAllTenants(int, int, String, String)
2025-10-12 16:22:35.273 [http-nio-8080-exec-10] DEBUG o.s.s.a.m.AuthorizationManagerBeforeMethodInterceptor - Authorizing method invocation ReflectiveMethodInvocation: public org.springframework.http.ResponseEntity com.nbjgroup.controller.TenantController.getAllTenants(int,int,java.lang.String,java.lang.String); target is of class [com.nbjgroup.controller.TenantController]
2025-10-12 16:22:35.274 [http-nio-8080-exec-10] DEBUG o.s.s.a.m.AuthorizationManagerBeforeMethodInterceptor - Authorized method invocation ReflectiveMethodInvocation: public org.springframework.http.ResponseEntity com.nbjgroup.controller.TenantController.getAllTenants(int,int,java.lang.String,java.lang.String); target is of class [com.nbjgroup.controller.TenantController]
2025-10-12 16:22:35.281 [http-nio-8080-exec-10] DEBUG o.s.w.s.m.m.a.HttpEntityMethodProcessor - Using 'application/json', given [application/json, text/plain, */*] and supported [application/json, application/*+json]
2025-10-12 16:22:35.281 [http-nio-8080-exec-10] DEBUG o.s.w.s.m.m.a.HttpEntityMethodProcessor - Writing [{tenants=[com.nbjgroup.dto.TenantResponseDTO@21608357, com.nbjgroup.dto.TenantResponseDTO@125beb9b,  (truncated)...]
2025-10-12 16:22:35.282 [http-nio-8080-exec-10] DEBUG o.s.web.servlet.DispatcherServlet - Completed 200 OK
2025-10-12 16:22:38.914 [http-nio-8080-exec-7] DEBUG o.s.security.web.FilterChainProxy - Securing GET /maintenance?sortBy=createdAt&sortDir=desc
2025-10-12 16:22:38.923 [http-nio-8080-exec-7] DEBUG c.n.s.CustomUserDetailsService - Loading user by username: main.admin@nbjgroup.com
2025-10-12 16:22:38.933 [http-nio-8080-exec-7] DEBUG c.n.s.CustomUserDetailsService - User found: main.admin@nbjgroup.com with role: ADMIN
2025-10-12 16:22:38.939 [http-nio-8080-exec-7] DEBUG c.n.security.JwtAuthenticationFilter - Set authentication for user: main.admin@nbjgroup.com
2025-10-12 16:22:38.941 [http-nio-8080-exec-7] DEBUG o.s.security.web.FilterChainProxy - Secured GET /maintenance?sortBy=createdAt&sortDir=desc
2025-10-12 16:22:38.941 [http-nio-8080-exec-7] DEBUG o.s.web.servlet.DispatcherServlet - GET "/api/maintenance?sortBy=createdAt&sortDir=desc", parameters={masked}
2025-10-12 16:22:38.942 [http-nio-8080-exec-7] DEBUG o.s.w.s.m.m.a.RequestMappingHandlerMapping - Mapped to com.nbjgroup.controller.MaintenanceController#getAllMaintenanceRequests(int, int, String, String, String, String)
2025-10-12 16:22:38.944 [http-nio-8080-exec-7] DEBUG o.s.s.a.m.AuthorizationManagerBeforeMethodInterceptor - Authorizing method invocation ReflectiveMethodInvocation: public org.springframework.http.ResponseEntity com.nbjgroup.controller.MaintenanceController.getAllMaintenanceRequests(int,int,java.lang.String,java.lang.String,java.lang.String,java.lang.String); target is of class [com.nbjgroup.controller.MaintenanceController]
2025-10-12 16:22:38.945 [http-nio-8080-exec-7] DEBUG o.s.s.a.m.AuthorizationManagerBeforeMethodInterceptor - Authorized method invocation ReflectiveMethodInvocation: public org.springframework.http.ResponseEntity com.nbjgroup.controller.MaintenanceController.getAllMaintenanceRequests(int,int,java.lang.String,java.lang.String,java.lang.String,java.lang.String); target is of class [com.nbjgroup.controller.MaintenanceController]
2025-10-12 16:22:39.045 [http-nio-8080-exec-7] DEBUG o.s.w.s.m.m.a.HttpEntityMethodProcessor - Using 'application/json', given [application/json, text/plain, */*] and supported [application/json, application/*+json]
2025-10-12 16:22:39.046 [http-nio-8080-exec-7] DEBUG o.s.w.s.m.m.a.HttpEntityMethodProcessor - Writing [{totalItems=9, totalPages=1, pageSize=10, requests=[{adminNotes=Replaced faulty capacitor and cleane (truncated)...]
2025-10-12 16:22:39.053 [http-nio-8080-exec-7] DEBUG o.s.web.servlet.DispatcherServlet - Completed 200 OK
2025-10-12 16:22:39.054 [http-nio-8080-exec-8] DEBUG o.s.security.web.FilterChainProxy - Securing GET /maintenance?sortBy=createdAt&sortDir=desc
2025-10-12 16:22:39.061 [http-nio-8080-exec-8] DEBUG c.n.s.CustomUserDetailsService - Loading user by username: main.admin@nbjgroup.com
2025-10-12 16:22:39.069 [http-nio-8080-exec-8] DEBUG c.n.s.CustomUserDetailsService - User found: main.admin@nbjgroup.com with role: ADMIN
2025-10-12 16:22:39.074 [http-nio-8080-exec-8] DEBUG c.n.security.JwtAuthenticationFilter - Set authentication for user: main.admin@nbjgroup.com
2025-10-12 16:22:39.076 [http-nio-8080-exec-8] DEBUG o.s.security.web.FilterChainProxy - Secured GET /maintenance?sortBy=createdAt&sortDir=desc
2025-10-12 16:22:39.077 [http-nio-8080-exec-8] DEBUG o.s.web.servlet.DispatcherServlet - GET "/api/maintenance?sortBy=createdAt&sortDir=desc", parameters={masked}
2025-10-12 16:22:39.077 [http-nio-8080-exec-8] DEBUG o.s.w.s.m.m.a.RequestMappingHandlerMapping - Mapped to com.nbjgroup.controller.MaintenanceController#getAllMaintenanceRequests(int, int, String, String, String, String)
2025-10-12 16:22:39.078 [http-nio-8080-exec-8] DEBUG o.s.s.a.m.AuthorizationManagerBeforeMethodInterceptor - Authorizing method invocation ReflectiveMethodInvocation: public org.springframework.http.ResponseEntity com.nbjgroup.controller.MaintenanceController.getAllMaintenanceRequests(int,int,java.lang.String,java.lang.String,java.lang.String,java.lang.String); target is of class [com.nbjgroup.controller.MaintenanceController]
2025-10-12 16:22:39.078 [http-nio-8080-exec-8] DEBUG o.s.s.a.m.AuthorizationManagerBeforeMethodInterceptor - Authorized method invocation ReflectiveMethodInvocation: public org.springframework.http.ResponseEntity com.nbjgroup.controller.MaintenanceController.getAllMaintenanceRequests(int,int,java.lang.String,java.lang.String,java.lang.String,java.lang.String); target is of class [com.nbjgroup.controller.MaintenanceController]
2025-10-12 16:22:39.126 [http-nio-8080-exec-8] DEBUG o.s.w.s.m.m.a.HttpEntityMethodProcessor - Using 'application/json', given [application/json, text/plain, */*] and supported [application/json, application/*+json]
2025-10-12 16:22:39.126 [http-nio-8080-exec-8] DEBUG o.s.w.s.m.m.a.HttpEntityMethodProcessor - Writing [{totalItems=9, totalPages=1, pageSize=10, requests=[{adminNotes=Replaced faulty capacitor and cleane (truncated)...]
2025-10-12 16:22:39.128 [http-nio-8080-exec-8] DEBUG o.s.web.servlet.DispatcherServlet - Completed 200 OK
2025-10-12 16:22:41.767 [http-nio-8080-exec-2] DEBUG o.s.security.web.FilterChainProxy - Securing GET /tenants?page=0&size=10
2025-10-12 16:22:41.775 [http-nio-8080-exec-2] DEBUG c.n.s.CustomUserDetailsService - Loading user by username: main.admin@nbjgroup.com
2025-10-12 16:22:41.786 [http-nio-8080-exec-2] DEBUG c.n.s.CustomUserDetailsService - User found: main.admin@nbjgroup.com with role: ADMIN
2025-10-12 16:22:41.791 [http-nio-8080-exec-2] DEBUG c.n.security.JwtAuthenticationFilter - Set authentication for user: main.admin@nbjgroup.com
2025-10-12 16:22:41.796 [http-nio-8080-exec-2] DEBUG o.s.security.web.FilterChainProxy - Secured GET /tenants?page=0&size=10
2025-10-12 16:22:41.796 [http-nio-8080-exec-2] DEBUG o.s.web.servlet.DispatcherServlet - GET "/api/tenants?page=0&size=10", parameters={masked}
2025-10-12 16:22:41.796 [http-nio-8080-exec-2] DEBUG o.s.w.s.m.m.a.RequestMappingHandlerMapping - Mapped to com.nbjgroup.controller.TenantController#getAllTenants(int, int, String, String)
2025-10-12 16:22:41.796 [http-nio-8080-exec-2] DEBUG o.s.s.a.m.AuthorizationManagerBeforeMethodInterceptor - Authorizing method invocation ReflectiveMethodInvocation: public org.springframework.http.ResponseEntity com.nbjgroup.controller.TenantController.getAllTenants(int,int,java.lang.String,java.lang.String); target is of class [com.nbjgroup.controller.TenantController]
2025-10-12 16:22:41.796 [http-nio-8080-exec-2] DEBUG o.s.s.a.m.AuthorizationManagerBeforeMethodInterceptor - Authorized method invocation ReflectiveMethodInvocation: public org.springframework.http.ResponseEntity com.nbjgroup.controller.TenantController.getAllTenants(int,int,java.lang.String,java.lang.String); target is of class [com.nbjgroup.controller.TenantController]
2025-10-12 16:22:41.807 [http-nio-8080-exec-2] DEBUG o.s.w.s.m.m.a.HttpEntityMethodProcessor - Using 'application/json', given [application/json, text/plain, */*] and supported [application/json, application/*+json]
2025-10-12 16:22:41.807 [http-nio-8080-exec-2] DEBUG o.s.w.s.m.m.a.HttpEntityMethodProcessor - Writing [{tenants=[com.nbjgroup.dto.TenantResponseDTO@48d083fe, com.nbjgroup.dto.TenantResponseDTO@2056beb, c (truncated)...]
2025-10-12 16:22:41.809 [http-nio-8080-exec-2] DEBUG o.s.web.servlet.DispatcherServlet - Completed 200 OK
2025-10-12 16:22:41.811 [http-nio-8080-exec-9] DEBUG o.s.security.web.FilterChainProxy - Securing GET /tenants?page=0&size=10
2025-10-12 16:22:41.819 [http-nio-8080-exec-9] DEBUG c.n.s.CustomUserDetailsService - Loading user by username: main.admin@nbjgroup.com
2025-10-12 16:22:41.826 [http-nio-8080-exec-9] DEBUG c.n.s.CustomUserDetailsService - User found: main.admin@nbjgroup.com with role: ADMIN
2025-10-12 16:22:41.832 [http-nio-8080-exec-9] DEBUG c.n.security.JwtAuthenticationFilter - Set authentication for user: main.admin@nbjgroup.com
2025-10-12 16:22:41.834 [http-nio-8080-exec-9] DEBUG o.s.security.web.FilterChainProxy - Secured GET /tenants?page=0&size=10
2025-10-12 16:22:41.834 [http-nio-8080-exec-9] DEBUG o.s.web.servlet.DispatcherServlet - GET "/api/tenants?page=0&size=10", parameters={masked}
2025-10-12 16:22:41.835 [http-nio-8080-exec-9] DEBUG o.s.w.s.m.m.a.RequestMappingHandlerMapping - Mapped to com.nbjgroup.controller.TenantController#getAllTenants(int, int, String, String)
2025-10-12 16:22:41.835 [http-nio-8080-exec-9] DEBUG o.s.s.a.m.AuthorizationManagerBeforeMethodInterceptor - Authorizing method invocation ReflectiveMethodInvocation: public org.springframework.http.ResponseEntity com.nbjgroup.controller.TenantController.getAllTenants(int,int,java.lang.String,java.lang.String); target is of class [com.nbjgroup.controller.TenantController]
2025-10-12 16:22:41.836 [http-nio-8080-exec-9] DEBUG o.s.s.a.m.AuthorizationManagerBeforeMethodInterceptor - Authorized method invocation ReflectiveMethodInvocation: public org.springframework.http.ResponseEntity com.nbjgroup.controller.TenantController.getAllTenants(int,int,java.lang.String,java.lang.String); target is of class [com.nbjgroup.controller.TenantController]
2025-10-12 16:22:41.841 [http-nio-8080-exec-9] DEBUG o.s.w.s.m.m.a.HttpEntityMethodProcessor - Using 'application/json', given [application/json, text/plain, */*] and supported [application/json, application/*+json]
2025-10-12 16:22:41.841 [http-nio-8080-exec-9] DEBUG o.s.w.s.m.m.a.HttpEntityMethodProcessor - Writing [{tenants=[com.nbjgroup.dto.TenantResponseDTO@171b3ca, com.nbjgroup.dto.TenantResponseDTO@6e9fa3c3, c (truncated)...]
2025-10-12 16:22:41.848 [http-nio-8080-exec-9] DEBUG o.s.web.servlet.DispatcherServlet - Completed 200 OK
2025-10-12 16:38:11.091 [File Watcher] INFO  o.s.b.d.a.LocalDevToolsAutoConfiguration$RestartingClassPathChangeChangedEventListener - Restarting due to 2 class path changes (0 additions, 1 deletion, 1 modification)
2025-10-12 16:38:11.250 [Thread-5] INFO  o.s.o.j.LocalContainerEntityManagerFactoryBean - Closing JPA EntityManagerFactory for persistence unit 'default'
2025-10-12 16:38:11.301 [Thread-5] INFO  com.zaxxer.hikari.HikariDataSource - HikariPool-1 - Shutdown initiated...
2025-10-12 16:38:11.319 [Thread-5] INFO  com.zaxxer.hikari.HikariDataSource - HikariPool-1 - Shutdown completed.
2025-10-12 16:38:11.920 [restartedMain] INFO  c.n.TenantManagementApplication - Starting TenantManagementApplication using Java 17.0.5 with PID 15744 (D:\njbGroup\home\ubuntu\nbj-group\backend\target\classes started by emilg in D:\njbGroup\home\ubuntu\nbj-group\backend)
2025-10-12 16:38:11.920 [restartedMain] DEBUG c.n.TenantManagementApplication - Running with Spring Boot v3.2.0, Spring v6.1.1
2025-10-12 16:38:11.920 [restartedMain] INFO  c.n.TenantManagementApplication - No active profile set, falling back to 1 default profile: "default"
2025-10-12 16:38:12.995 [restartedMain] INFO  o.s.d.r.c.RepositoryConfigurationDelegate - Bootstrapping Spring Data JPA repositories in DEFAULT mode.
2025-10-12 16:38:13.065 [restartedMain] INFO  o.s.d.r.c.RepositoryConfigurationDelegate - Finished Spring Data repository scanning in 69 ms. Found 6 JPA repository interfaces.
2025-10-12 16:38:13.516 [restartedMain] INFO  o.s.b.w.e.tomcat.TomcatWebServer - Tomcat initialized with port 8080 (http)
2025-10-12 16:38:13.516 [restartedMain] INFO  o.a.catalina.core.StandardService - Starting service [Tomcat]
2025-10-12 16:38:13.516 [restartedMain] INFO  o.a.catalina.core.StandardEngine - Starting Servlet engine: [Apache Tomcat/10.1.16]
2025-10-12 16:38:13.561 [restartedMain] INFO  o.a.c.c.C.[.[localhost].[/api] - Initializing Spring embedded WebApplicationContext
2025-10-12 16:38:13.561 [restartedMain] INFO  o.s.b.w.s.c.ServletWebServerApplicationContext - Root WebApplicationContext: initialization completed in 1634 ms
2025-10-12 16:38:13.885 [restartedMain] INFO  o.h.jpa.internal.util.LogHelper - HHH000204: Processing PersistenceUnitInfo [name: default]
2025-10-12 16:38:13.887 [restartedMain] INFO  o.h.c.i.RegionFactoryInitiator - HHH000026: Second-level cache disabled
2025-10-12 16:38:13.891 [restartedMain] INFO  o.s.o.j.p.SpringPersistenceUnitInfo - No LoadTimeWeaver setup: ignoring JPA class transformer
2025-10-12 16:38:13.895 [restartedMain] INFO  com.zaxxer.hikari.HikariDataSource - HikariPool-2 - Starting...
2025-10-12 16:38:13.971 [restartedMain] INFO  com.zaxxer.hikari.pool.HikariPool - HikariPool-2 - Added connection org.postgresql.jdbc.PgConnection@3ffe1340
2025-10-12 16:38:13.972 [restartedMain] INFO  com.zaxxer.hikari.HikariDataSource - HikariPool-2 - Start completed.
2025-10-12 16:38:13.991 [restartedMain] WARN  org.hibernate.orm.deprecation - HHH90000025: PostgreSQLDialect does not need to be specified explicitly using 'hibernate.dialect' (remove the property setting and it will be selected by default)
2025-10-12 16:38:14.414 [restartedMain] INFO  o.h.e.t.j.p.i.JtaPlatformInitiator - HHH000489: No JTA platform available (set 'hibernate.transaction.jta.platform' to enable JTA platform integration)
2025-10-12 16:38:14.694 [restartedMain] INFO  o.s.o.j.LocalContainerEntityManagerFactoryBean - Initialized JPA EntityManagerFactory for persistence unit 'default'
2025-10-12 16:38:14.902 [restartedMain] DEBUG c.n.security.JwtAuthenticationFilter - Filter 'jwtAuthenticationFilter' configured for use
2025-10-12 16:38:14.902 [restartedMain] DEBUG o.s.w.f.ServerHttpObservationFilter - Filter 'webMvcObservationFilter' configured for use
2025-10-12 16:38:15.227 [restartedMain] WARN  o.s.b.w.s.c.AnnotationConfigServletWebServerApplicationContext - Exception encountered during context initialization - cancelling refresh attempt: org.springframework.beans.factory.BeanCreationException: Error creating bean with name 'stripeController': Injection of autowired dependencies failed
2025-10-12 16:38:15.227 [restartedMain] INFO  o.s.o.j.LocalContainerEntityManagerFactoryBean - Closing JPA EntityManagerFactory for persistence unit 'default'
2025-10-12 16:38:15.227 [restartedMain] INFO  com.zaxxer.hikari.HikariDataSource - HikariPool-2 - Shutdown initiated...
2025-10-12 16:38:15.239 [restartedMain] INFO  com.zaxxer.hikari.HikariDataSource - HikariPool-2 - Shutdown completed.
2025-10-12 16:38:15.239 [restartedMain] INFO  o.a.catalina.core.StandardService - Stopping service [Tomcat]
2025-10-12 16:38:15.254 [restartedMain] INFO  o.s.b.a.l.ConditionEvaluationReportLogger - 

Error starting ApplicationContext. To display the condition evaluation report re-run your application with 'debug' enabled.
2025-10-12 16:38:15.309 [restartedMain] ERROR o.s.boot.SpringApplication - Application run failed
org.springframework.beans.factory.BeanCreationException: Error creating bean with name 'stripeController': Injection of autowired dependencies failed
	at org.springframework.beans.factory.annotation.AutowiredAnnotationBeanPostProcessor.postProcessProperties(AutowiredAnnotationBeanPostProcessor.java:499) ~[spring-beans-6.1.1.jar:6.1.1]
	at org.springframework.beans.factory.support.AbstractAutowireCapableBeanFactory.populateBean(AbstractAutowireCapableBeanFactory.java:1420) ~[spring-beans-6.1.1.jar:6.1.1]
	at org.springframework.beans.factory.support.AbstractAutowireCapableBeanFactory.doCreateBean(AbstractAutowireCapableBeanFactory.java:600) ~[spring-beans-6.1.1.jar:6.1.1]
	at org.springframework.beans.factory.support.AbstractAutowireCapableBeanFactory.createBean(AbstractAutowireCapableBeanFactory.java:523) ~[spring-beans-6.1.1.jar:6.1.1]
	at org.springframework.beans.factory.support.AbstractBeanFactory.lambda$doGetBean$0(AbstractBeanFactory.java:325) ~[spring-beans-6.1.1.jar:6.1.1]
	at org.springframework.beans.factory.support.DefaultSingletonBeanRegistry.getSingleton(DefaultSingletonBeanRegistry.java:234) ~[spring-beans-6.1.1.jar:6.1.1]
	at org.springframework.beans.factory.support.AbstractBeanFactory.doGetBean(AbstractBeanFactory.java:323) ~[spring-beans-6.1.1.jar:6.1.1]
	at org.springframework.beans.factory.support.AbstractBeanFactory.getBean(AbstractBeanFactory.java:199) ~[spring-beans-6.1.1.jar:6.1.1]
	at org.springframework.beans.factory.support.DefaultListableBeanFactory.preInstantiateSingletons(DefaultListableBeanFactory.java:973) ~[spring-beans-6.1.1.jar:6.1.1]
	at org.springframework.context.support.AbstractApplicationContext.finishBeanFactoryInitialization(AbstractApplicationContext.java:946) ~[spring-context-6.1.1.jar:6.1.1]
	at org.springframework.context.support.AbstractApplicationContext.refresh(AbstractApplicationContext.java:616) ~[spring-context-6.1.1.jar:6.1.1]
	at org.springframework.boot.web.servlet.context.ServletWebServerApplicationContext.refresh(ServletWebServerApplicationContext.java:146) ~[spring-boot-3.2.0.jar:3.2.0]
	at org.springframework.boot.SpringApplication.refresh(SpringApplication.java:753) ~[spring-boot-3.2.0.jar:3.2.0]
	at org.springframework.boot.SpringApplication.refreshContext(SpringApplication.java:455) ~[spring-boot-3.2.0.jar:3.2.0]
	at org.springframework.boot.SpringApplication.run(SpringApplication.java:323) ~[spring-boot-3.2.0.jar:3.2.0]
	at org.springframework.boot.SpringApplication.run(SpringApplication.java:1342) ~[spring-boot-3.2.0.jar:3.2.0]
	at org.springframework.boot.SpringApplication.run(SpringApplication.java:1331) ~[spring-boot-3.2.0.jar:3.2.0]
	at com.nbjgroup.TenantManagementApplication.main(TenantManagementApplication.java:33) ~[classes/:na]
	at java.base/jdk.internal.reflect.NativeMethodAccessorImpl.invoke0(Native Method) ~[na:na]
	at java.base/jdk.internal.reflect.NativeMethodAccessorImpl.invoke(NativeMethodAccessorImpl.java:77) ~[na:na]
	at java.base/jdk.internal.reflect.DelegatingMethodAccessorImpl.invoke(DelegatingMethodAccessorImpl.java:43) ~[na:na]
	at java.base/java.lang.reflect.Method.invoke(Method.java:568) ~[na:na]
	at org.springframework.boot.devtools.restart.RestartLauncher.run(RestartLauncher.java:50) ~[spring-boot-devtools-3.2.0.jar:3.2.0]
Caused by: java.lang.IllegalArgumentException: Could not resolve placeholder 'stripe.secret-key' in value "${stripe.secret-key}"
	at org.springframework.util.PropertyPlaceholderHelper.parseStringValue(PropertyPlaceholderHelper.java:180) ~[spring-core-6.1.1.jar:6.1.1]
	at org.springframework.util.PropertyPlaceholderHelper.replacePlaceholders(PropertyPlaceholderHelper.java:126) ~[spring-core-6.1.1.jar:6.1.1]
	at org.springframework.core.env.AbstractPropertyResolver.doResolvePlaceholders(AbstractPropertyResolver.java:239) ~[spring-core-6.1.1.jar:6.1.1]
	at org.springframework.core.env.AbstractPropertyResolver.resolveRequiredPlaceholders(AbstractPropertyResolver.java:210) ~[spring-core-6.1.1.jar:6.1.1]
	at org.springframework.context.support.PropertySourcesPlaceholderConfigurer.lambda$processProperties$0(PropertySourcesPlaceholderConfigurer.java:200) ~[spring-context-6.1.1.jar:6.1.1]
	at org.springframework.beans.factory.support.AbstractBeanFactory.resolveEmbeddedValue(AbstractBeanFactory.java:921) ~[spring-beans-6.1.1.jar:6.1.1]
	at org.springframework.beans.factory.support.DefaultListableBeanFactory.doResolveDependency(DefaultListableBeanFactory.java:1372) ~[spring-beans-6.1.1.jar:6.1.1]
	at org.springframework.beans.factory.support.DefaultListableBeanFactory.resolveDependency(DefaultListableBeanFactory.java:1348) ~[spring-beans-6.1.1.jar:6.1.1]
	at org.springframework.beans.factory.annotation.AutowiredAnnotationBeanPostProcessor$AutowiredFieldElement.resolveFieldValue(AutowiredAnnotationBeanPostProcessor.java:769) ~[spring-beans-6.1.1.jar:6.1.1]
	at org.springframework.beans.factory.annotation.AutowiredAnnotationBeanPostProcessor$AutowiredFieldElement.inject(AutowiredAnnotationBeanPostProcessor.java:752) ~[spring-beans-6.1.1.jar:6.1.1]
	at org.springframework.beans.factory.annotation.InjectionMetadata.inject(InjectionMetadata.java:145) ~[spring-beans-6.1.1.jar:6.1.1]
	at org.springframework.beans.factory.annotation.AutowiredAnnotationBeanPostProcessor.postProcessProperties(AutowiredAnnotationBeanPostProcessor.java:493) ~[spring-beans-6.1.1.jar:6.1.1]
	... 22 common frames omitted
2025-10-12 16:38:16.793 [restartedMain] INFO  c.n.TenantManagementApplication - Starting TenantManagementApplication using Java 17.0.5 with PID 15744 (D:\njbGroup\home\ubuntu\nbj-group\backend\target\classes started by emilg in D:\njbGroup\home\ubuntu\nbj-group\backend)
2025-10-12 16:38:16.793 [restartedMain] DEBUG c.n.TenantManagementApplication - Running with Spring Boot v3.2.0, Spring v6.1.1
2025-10-12 16:38:16.793 [restartedMain] INFO  c.n.TenantManagementApplication - No active profile set, falling back to 1 default profile: "default"
2025-10-12 16:38:17.335 [restartedMain] INFO  o.s.d.r.c.RepositoryConfigurationDelegate - Bootstrapping Spring Data JPA repositories in DEFAULT mode.
2025-10-12 16:38:17.373 [restartedMain] INFO  o.s.d.r.c.RepositoryConfigurationDelegate - Finished Spring Data repository scanning in 42 ms. Found 6 JPA repository interfaces.
2025-10-12 16:38:17.618 [restartedMain] INFO  o.s.b.w.e.tomcat.TomcatWebServer - Tomcat initialized with port 8080 (http)
2025-10-12 16:38:17.618 [restartedMain] INFO  o.a.catalina.core.StandardService - Starting service [Tomcat]
2025-10-12 16:38:17.618 [restartedMain] INFO  o.a.catalina.core.StandardEngine - Starting Servlet engine: [Apache Tomcat/10.1.16]
2025-10-12 16:38:17.639 [restartedMain] INFO  o.a.c.c.C.[.[localhost].[/api] - Initializing Spring embedded WebApplicationContext
2025-10-12 16:38:17.639 [restartedMain] INFO  o.s.b.w.s.c.ServletWebServerApplicationContext - Root WebApplicationContext: initialization completed in 844 ms
2025-10-12 16:38:17.836 [restartedMain] INFO  o.h.jpa.internal.util.LogHelper - HHH000204: Processing PersistenceUnitInfo [name: default]
2025-10-12 16:38:17.839 [restartedMain] INFO  o.h.c.i.RegionFactoryInitiator - HHH000026: Second-level cache disabled
2025-10-12 16:38:17.844 [restartedMain] INFO  o.s.o.j.p.SpringPersistenceUnitInfo - No LoadTimeWeaver setup: ignoring JPA class transformer
2025-10-12 16:38:17.844 [restartedMain] INFO  com.zaxxer.hikari.HikariDataSource - HikariPool-3 - Starting...
2025-10-12 16:38:17.872 [restartedMain] INFO  com.zaxxer.hikari.pool.HikariPool - HikariPool-3 - Added connection org.postgresql.jdbc.PgConnection@5d167148
2025-10-12 16:38:17.873 [restartedMain] INFO  com.zaxxer.hikari.HikariDataSource - HikariPool-3 - Start completed.
2025-10-12 16:38:17.879 [restartedMain] WARN  org.hibernate.orm.deprecation - HHH90000025: PostgreSQLDialect does not need to be specified explicitly using 'hibernate.dialect' (remove the property setting and it will be selected by default)
2025-10-12 16:38:18.125 [restartedMain] INFO  o.h.e.t.j.p.i.JtaPlatformInitiator - HHH000489: No JTA platform available (set 'hibernate.transaction.jta.platform' to enable JTA platform integration)
2025-10-12 16:38:18.354 [restartedMain] INFO  o.s.o.j.LocalContainerEntityManagerFactoryBean - Initialized JPA EntityManagerFactory for persistence unit 'default'
2025-10-12 16:38:18.625 [restartedMain] DEBUG c.n.security.JwtAuthenticationFilter - Filter 'jwtAuthenticationFilter' configured for use
2025-10-12 16:38:18.625 [restartedMain] DEBUG o.s.w.f.ServerHttpObservationFilter - Filter 'webMvcObservationFilter' configured for use
2025-10-12 16:38:18.947 [restartedMain] WARN  o.s.b.w.s.c.AnnotationConfigServletWebServerApplicationContext - Exception encountered during context initialization - cancelling refresh attempt: org.springframework.beans.factory.BeanCreationException: Error creating bean with name 'stripeController': Injection of autowired dependencies failed
2025-10-12 16:38:18.947 [restartedMain] INFO  o.s.o.j.LocalContainerEntityManagerFactoryBean - Closing JPA EntityManagerFactory for persistence unit 'default'
2025-10-12 16:38:18.952 [restartedMain] INFO  com.zaxxer.hikari.HikariDataSource - HikariPool-3 - Shutdown initiated...
2025-10-12 16:38:18.956 [restartedMain] INFO  com.zaxxer.hikari.HikariDataSource - HikariPool-3 - Shutdown completed.
2025-10-12 16:38:18.957 [restartedMain] INFO  o.a.catalina.core.StandardService - Stopping service [Tomcat]
2025-10-12 16:38:18.974 [restartedMain] INFO  o.s.b.a.l.ConditionEvaluationReportLogger - 

Error starting ApplicationContext. To display the condition evaluation report re-run your application with 'debug' enabled.
2025-10-12 16:38:18.979 [restartedMain] ERROR o.s.boot.SpringApplication - Application run failed
org.springframework.beans.factory.BeanCreationException: Error creating bean with name 'stripeController': Injection of autowired dependencies failed
	at org.springframework.beans.factory.annotation.AutowiredAnnotationBeanPostProcessor.postProcessProperties(AutowiredAnnotationBeanPostProcessor.java:499) ~[spring-beans-6.1.1.jar:6.1.1]
	at org.springframework.beans.factory.support.AbstractAutowireCapableBeanFactory.populateBean(AbstractAutowireCapableBeanFactory.java:1420) ~[spring-beans-6.1.1.jar:6.1.1]
	at org.springframework.beans.factory.support.AbstractAutowireCapableBeanFactory.doCreateBean(AbstractAutowireCapableBeanFactory.java:600) ~[spring-beans-6.1.1.jar:6.1.1]
	at org.springframework.beans.factory.support.AbstractAutowireCapableBeanFactory.createBean(AbstractAutowireCapableBeanFactory.java:523) ~[spring-beans-6.1.1.jar:6.1.1]
	at org.springframework.beans.factory.support.AbstractBeanFactory.lambda$doGetBean$0(AbstractBeanFactory.java:325) ~[spring-beans-6.1.1.jar:6.1.1]
	at org.springframework.beans.factory.support.DefaultSingletonBeanRegistry.getSingleton(DefaultSingletonBeanRegistry.java:234) ~[spring-beans-6.1.1.jar:6.1.1]
	at org.springframework.beans.factory.support.AbstractBeanFactory.doGetBean(AbstractBeanFactory.java:323) ~[spring-beans-6.1.1.jar:6.1.1]
	at org.springframework.beans.factory.support.AbstractBeanFactory.getBean(AbstractBeanFactory.java:199) ~[spring-beans-6.1.1.jar:6.1.1]
	at org.springframework.beans.factory.support.DefaultListableBeanFactory.preInstantiateSingletons(DefaultListableBeanFactory.java:973) ~[spring-beans-6.1.1.jar:6.1.1]
	at org.springframework.context.support.AbstractApplicationContext.finishBeanFactoryInitialization(AbstractApplicationContext.java:946) ~[spring-context-6.1.1.jar:6.1.1]
	at org.springframework.context.support.AbstractApplicationContext.refresh(AbstractApplicationContext.java:616) ~[spring-context-6.1.1.jar:6.1.1]
	at org.springframework.boot.web.servlet.context.ServletWebServerApplicationContext.refresh(ServletWebServerApplicationContext.java:146) ~[spring-boot-3.2.0.jar:3.2.0]
	at org.springframework.boot.SpringApplication.refresh(SpringApplication.java:753) ~[spring-boot-3.2.0.jar:3.2.0]
	at org.springframework.boot.SpringApplication.refreshContext(SpringApplication.java:455) ~[spring-boot-3.2.0.jar:3.2.0]
	at org.springframework.boot.SpringApplication.run(SpringApplication.java:323) ~[spring-boot-3.2.0.jar:3.2.0]
	at org.springframework.boot.SpringApplication.run(SpringApplication.java:1342) ~[spring-boot-3.2.0.jar:3.2.0]
	at org.springframework.boot.SpringApplication.run(SpringApplication.java:1331) ~[spring-boot-3.2.0.jar:3.2.0]
	at com.nbjgroup.TenantManagementApplication.main(TenantManagementApplication.java:33) ~[classes/:na]
	at java.base/jdk.internal.reflect.NativeMethodAccessorImpl.invoke0(Native Method) ~[na:na]
	at java.base/jdk.internal.reflect.NativeMethodAccessorImpl.invoke(NativeMethodAccessorImpl.java:77) ~[na:na]
	at java.base/jdk.internal.reflect.DelegatingMethodAccessorImpl.invoke(DelegatingMethodAccessorImpl.java:43) ~[na:na]
	at java.base/java.lang.reflect.Method.invoke(Method.java:568) ~[na:na]
	at org.springframework.boot.devtools.restart.RestartLauncher.run(RestartLauncher.java:50) ~[spring-boot-devtools-3.2.0.jar:3.2.0]
Caused by: java.lang.IllegalArgumentException: Could not resolve placeholder 'stripe.secret-key' in value "${stripe.secret-key}"
	at org.springframework.util.PropertyPlaceholderHelper.parseStringValue(PropertyPlaceholderHelper.java:180) ~[spring-core-6.1.1.jar:6.1.1]
	at org.springframework.util.PropertyPlaceholderHelper.replacePlaceholders(PropertyPlaceholderHelper.java:126) ~[spring-core-6.1.1.jar:6.1.1]
	at org.springframework.core.env.AbstractPropertyResolver.doResolvePlaceholders(AbstractPropertyResolver.java:239) ~[spring-core-6.1.1.jar:6.1.1]
	at org.springframework.core.env.AbstractPropertyResolver.resolveRequiredPlaceholders(AbstractPropertyResolver.java:210) ~[spring-core-6.1.1.jar:6.1.1]
	at org.springframework.context.support.PropertySourcesPlaceholderConfigurer.lambda$processProperties$0(PropertySourcesPlaceholderConfigurer.java:200) ~[spring-context-6.1.1.jar:6.1.1]
	at org.springframework.beans.factory.support.AbstractBeanFactory.resolveEmbeddedValue(AbstractBeanFactory.java:921) ~[spring-beans-6.1.1.jar:6.1.1]
	at org.springframework.beans.factory.support.DefaultListableBeanFactory.doResolveDependency(DefaultListableBeanFactory.java:1372) ~[spring-beans-6.1.1.jar:6.1.1]
	at org.springframework.beans.factory.support.DefaultListableBeanFactory.resolveDependency(DefaultListableBeanFactory.java:1348) ~[spring-beans-6.1.1.jar:6.1.1]
	at org.springframework.beans.factory.annotation.AutowiredAnnotationBeanPostProcessor$AutowiredFieldElement.resolveFieldValue(AutowiredAnnotationBeanPostProcessor.java:769) ~[spring-beans-6.1.1.jar:6.1.1]
	at org.springframework.beans.factory.annotation.AutowiredAnnotationBeanPostProcessor$AutowiredFieldElement.inject(AutowiredAnnotationBeanPostProcessor.java:752) ~[spring-beans-6.1.1.jar:6.1.1]
	at org.springframework.beans.factory.annotation.InjectionMetadata.inject(InjectionMetadata.java:145) ~[spring-beans-6.1.1.jar:6.1.1]
	at org.springframework.beans.factory.annotation.AutowiredAnnotationBeanPostProcessor.postProcessProperties(AutowiredAnnotationBeanPostProcessor.java:493) ~[spring-beans-6.1.1.jar:6.1.1]
	... 22 common frames omitted
2025-10-12 16:38:35.712 [restartedMain] INFO  c.n.TenantManagementApplication - Starting TenantManagementApplication using Java 17.0.5 with PID 15744 (D:\njbGroup\home\ubuntu\nbj-group\backend\target\classes started by emilg in D:\njbGroup\home\ubuntu\nbj-group\backend)
2025-10-12 16:38:35.712 [restartedMain] DEBUG c.n.TenantManagementApplication - Running with Spring Boot v3.2.0, Spring v6.1.1
2025-10-12 16:38:35.712 [restartedMain] INFO  c.n.TenantManagementApplication - No active profile set, falling back to 1 default profile: "default"
2025-10-12 16:38:36.454 [restartedMain] INFO  o.s.d.r.c.RepositoryConfigurationDelegate - Bootstrapping Spring Data JPA repositories in DEFAULT mode.
2025-10-12 16:38:36.469 [restartedMain] WARN  o.s.b.w.s.c.AnnotationConfigServletWebServerApplicationContext - Exception encountered during context initialization - cancelling refresh attempt: java.lang.TypeNotPresentException: Type com.nbjgroup.entity.Tenant not present
2025-10-12 16:38:36.475 [restartedMain] INFO  o.s.b.a.l.ConditionEvaluationReportLogger - 

Error starting ApplicationContext. To display the condition evaluation report re-run your application with 'debug' enabled.
2025-10-12 16:38:36.496 [restartedMain] ERROR o.s.boot.SpringApplication - Application run failed
java.lang.TypeNotPresentException: Type com.nbjgroup.entity.Tenant not present
	at java.base/sun.reflect.generics.factory.CoreReflectionFactory.makeNamedType(CoreReflectionFactory.java:117) ~[na:na]
	at java.base/sun.reflect.generics.visitor.Reifier.visitClassTypeSignature(Reifier.java:125) ~[na:na]
	at java.base/sun.reflect.generics.tree.ClassTypeSignature.accept(ClassTypeSignature.java:49) ~[na:na]
	at java.base/sun.reflect.generics.visitor.Reifier.reifyTypeArguments(Reifier.java:68) ~[na:na]
	at java.base/sun.reflect.generics.visitor.Reifier.visitClassTypeSignature(Reifier.java:138) ~[na:na]
	at java.base/sun.reflect.generics.tree.ClassTypeSignature.accept(ClassTypeSignature.java:49) ~[na:na]
	at java.base/sun.reflect.generics.repository.ClassRepository.computeSuperInterfaces(ClassRepository.java:117) ~[na:na]
	at java.base/sun.reflect.generics.repository.ClassRepository.getSuperInterfaces(ClassRepository.java:95) ~[na:na]
	at java.base/java.lang.Class.getGenericInterfaces(Class.java:1211) ~[na:na]
	at org.springframework.core.ResolvableType.getInterfaces(ResolvableType.java:517) ~[spring-core-6.1.1.jar:6.1.1]
	at org.springframework.core.ResolvableType.as(ResolvableType.java:465) ~[spring-core-6.1.1.jar:6.1.1]
	at org.springframework.data.util.TypeDiscoverer.getSuperTypeInformation(TypeDiscoverer.java:254) ~[spring-data-commons-3.2.0.jar:3.2.0]
	at org.springframework.data.util.ClassTypeInformation.getSuperTypeInformation(ClassTypeInformation.java:36) ~[spring-data-commons-3.2.0.jar:3.2.0]
	at org.springframework.data.util.TypeInformation.getRequiredSuperTypeInformation(TypeInformation.java:327) ~[spring-data-commons-3.2.0.jar:3.2.0]
	at org.springframework.data.repository.core.support.DefaultRepositoryMetadata.<init>(DefaultRepositoryMetadata.java:55) ~[spring-data-commons-3.2.0.jar:3.2.0]
	at org.springframework.data.repository.core.support.AbstractRepositoryMetadata.getMetadata(AbstractRepositoryMetadata.java:77) ~[spring-data-commons-3.2.0.jar:3.2.0]
	at org.springframework.data.repository.config.RepositoryConfigurationExtensionSupport.getRepositoryConfigurations(RepositoryConfigurationExtensionSupport.java:91) ~[spring-data-commons-3.2.0.jar:3.2.0]
	at org.springframework.data.repository.config.RepositoryConfigurationDelegate.registerRepositoriesIn(RepositoryConfigurationDelegate.java:164) ~[spring-data-commons-3.2.0.jar:3.2.0]
	at org.springframework.boot.autoconfigure.data.AbstractRepositoryConfigurationSourceSupport.registerBeanDefinitions(AbstractRepositoryConfigurationSourceSupport.java:62) ~[spring-boot-autoconfigure-3.2.0.jar:3.2.0]
	at org.springframework.context.annotation.ConfigurationClassBeanDefinitionReader.lambda$loadBeanDefinitionsFromRegistrars$1(ConfigurationClassBeanDefinitionReader.java:376) ~[spring-context-6.1.1.jar:6.1.1]
	at java.base/java.util.LinkedHashMap.forEach(LinkedHashMap.java:721) ~[na:na]
	at org.springframework.context.annotation.ConfigurationClassBeanDefinitionReader.loadBeanDefinitionsFromRegistrars(ConfigurationClassBeanDefinitionReader.java:375) ~[spring-context-6.1.1.jar:6.1.1]
	at org.springframework.context.annotation.ConfigurationClassBeanDefinitionReader.loadBeanDefinitionsForConfigurationClass(ConfigurationClassBeanDefinitionReader.java:148) ~[spring-context-6.1.1.jar:6.1.1]
	at org.springframework.context.annotation.ConfigurationClassBeanDefinitionReader.loadBeanDefinitions(ConfigurationClassBeanDefinitionReader.java:120) ~[spring-context-6.1.1.jar:6.1.1]
	at org.springframework.context.annotation.ConfigurationClassPostProcessor.processConfigBeanDefinitions(ConfigurationClassPostProcessor.java:428) ~[spring-context-6.1.1.jar:6.1.1]
	at org.springframework.context.annotation.ConfigurationClassPostProcessor.postProcessBeanDefinitionRegistry(ConfigurationClassPostProcessor.java:289) ~[spring-context-6.1.1.jar:6.1.1]
	at org.springframework.context.support.PostProcessorRegistrationDelegate.invokeBeanDefinitionRegistryPostProcessors(PostProcessorRegistrationDelegate.java:349) ~[spring-context-6.1.1.jar:6.1.1]
	at org.springframework.context.support.PostProcessorRegistrationDelegate.invokeBeanFactoryPostProcessors(PostProcessorRegistrationDelegate.java:118) ~[spring-context-6.1.1.jar:6.1.1]
	at org.springframework.context.support.AbstractApplicationContext.invokeBeanFactoryPostProcessors(AbstractApplicationContext.java:775) ~[spring-context-6.1.1.jar:6.1.1]
	at org.springframework.context.support.AbstractApplicationContext.refresh(AbstractApplicationContext.java:597) ~[spring-context-6.1.1.jar:6.1.1]
	at org.springframework.boot.web.servlet.context.ServletWebServerApplicationContext.refresh(ServletWebServerApplicationContext.java:146) ~[spring-boot-3.2.0.jar:3.2.0]
	at org.springframework.boot.SpringApplication.refresh(SpringApplication.java:753) ~[spring-boot-3.2.0.jar:3.2.0]
	at org.springframework.boot.SpringApplication.refreshContext(SpringApplication.java:455) ~[spring-boot-3.2.0.jar:3.2.0]
	at org.springframework.boot.SpringApplication.run(SpringApplication.java:323) ~[spring-boot-3.2.0.jar:3.2.0]
	at org.springframework.boot.SpringApplication.run(SpringApplication.java:1342) ~[spring-boot-3.2.0.jar:3.2.0]
	at org.springframework.boot.SpringApplication.run(SpringApplication.java:1331) ~[spring-boot-3.2.0.jar:3.2.0]
	at com.nbjgroup.TenantManagementApplication.main(TenantManagementApplication.java:33) ~[classes/:na]
	at java.base/jdk.internal.reflect.NativeMethodAccessorImpl.invoke0(Native Method) ~[na:na]
	at java.base/jdk.internal.reflect.NativeMethodAccessorImpl.invoke(NativeMethodAccessorImpl.java:77) ~[na:na]
	at java.base/jdk.internal.reflect.DelegatingMethodAccessorImpl.invoke(DelegatingMethodAccessorImpl.java:43) ~[na:na]
	at java.base/java.lang.reflect.Method.invoke(Method.java:568) ~[na:na]
	at org.springframework.boot.devtools.restart.RestartLauncher.run(RestartLauncher.java:50) ~[spring-boot-devtools-3.2.0.jar:3.2.0]
Caused by: java.lang.ClassNotFoundException: com.nbjgroup.entity.Tenant
	at java.base/jdk.internal.loader.BuiltinClassLoader.loadClass(BuiltinClassLoader.java:641) ~[na:na]
	at java.base/jdk.internal.loader.ClassLoaders$AppClassLoader.loadClass(ClassLoaders.java:188) ~[na:na]
	at java.base/java.lang.ClassLoader.loadClass(ClassLoader.java:520) ~[na:na]
	at java.base/java.lang.Class.forName0(Native Method) ~[na:na]
	at java.base/java.lang.Class.forName(Class.java:467) ~[na:na]
	at org.springframework.boot.devtools.restart.classloader.RestartClassLoader.loadClass(RestartClassLoader.java:121) ~[spring-boot-devtools-3.2.0.jar:3.2.0]
	at java.base/java.lang.ClassLoader.loadClass(ClassLoader.java:520) ~[na:na]
	at java.base/java.lang.Class.forName0(Native Method) ~[na:na]
	at java.base/java.lang.Class.forName(Class.java:467) ~[na:na]
	at java.base/sun.reflect.generics.factory.CoreReflectionFactory.makeNamedType(CoreReflectionFactory.java:114) ~[na:na]
	... 41 common frames omitted
2025-10-12 16:38:39.146 [restartedMain] INFO  c.n.TenantManagementApplication - Starting TenantManagementApplication using Java 17.0.5 with PID 15744 (D:\njbGroup\home\ubuntu\nbj-group\backend\target\classes started by emilg in D:\njbGroup\home\ubuntu\nbj-group\backend)
2025-10-12 16:38:39.146 [restartedMain] DEBUG c.n.TenantManagementApplication - Running with Spring Boot v3.2.0, Spring v6.1.1
2025-10-12 16:38:39.146 [restartedMain] INFO  c.n.TenantManagementApplication - No active profile set, falling back to 1 default profile: "default"
2025-10-12 16:38:39.929 [restartedMain] INFO  o.s.d.r.c.RepositoryConfigurationDelegate - Bootstrapping Spring Data JPA repositories in DEFAULT mode.
2025-10-12 16:38:39.994 [restartedMain] INFO  o.s.d.r.c.RepositoryConfigurationDelegate - Finished Spring Data repository scanning in 64 ms. Found 6 JPA repository interfaces.
2025-10-12 16:38:40.300 [restartedMain] INFO  o.s.b.w.e.tomcat.TomcatWebServer - Tomcat initialized with port 8080 (http)
2025-10-12 16:38:40.300 [restartedMain] INFO  o.a.catalina.core.StandardService - Starting service [Tomcat]
2025-10-12 16:38:40.300 [restartedMain] INFO  o.a.catalina.core.StandardEngine - Starting Servlet engine: [Apache Tomcat/10.1.16]
2025-10-12 16:38:40.329 [restartedMain] INFO  o.a.c.c.C.[.[localhost].[/api] - Initializing Spring embedded WebApplicationContext
2025-10-12 16:38:40.329 [restartedMain] INFO  o.s.b.w.s.c.ServletWebServerApplicationContext - Root WebApplicationContext: initialization completed in 1178 ms
2025-10-12 16:38:40.507 [restartedMain] INFO  o.h.jpa.internal.util.LogHelper - HHH000204: Processing PersistenceUnitInfo [name: default]
2025-10-12 16:38:40.514 [restartedMain] INFO  o.h.c.i.RegionFactoryInitiator - HHH000026: Second-level cache disabled
2025-10-12 16:38:40.517 [restartedMain] INFO  o.s.o.j.p.SpringPersistenceUnitInfo - No LoadTimeWeaver setup: ignoring JPA class transformer
2025-10-12 16:38:40.520 [restartedMain] INFO  com.zaxxer.hikari.HikariDataSource - HikariPool-4 - Starting...
2025-10-12 16:38:40.551 [restartedMain] INFO  com.zaxxer.hikari.pool.HikariPool - HikariPool-4 - Added connection org.postgresql.jdbc.PgConnection@3ce5ad3f
2025-10-12 16:38:40.551 [restartedMain] INFO  com.zaxxer.hikari.HikariDataSource - HikariPool-4 - Start completed.
2025-10-12 16:38:40.559 [restartedMain] WARN  org.hibernate.orm.deprecation - HHH90000025: PostgreSQLDialect does not need to be specified explicitly using 'hibernate.dialect' (remove the property setting and it will be selected by default)
2025-10-12 16:38:40.804 [restartedMain] INFO  o.h.e.t.j.p.i.JtaPlatformInitiator - HHH000489: No JTA platform available (set 'hibernate.transaction.jta.platform' to enable JTA platform integration)
2025-10-12 16:38:41.110 [restartedMain] INFO  o.s.o.j.LocalContainerEntityManagerFactoryBean - Initialized JPA EntityManagerFactory for persistence unit 'default'
2025-10-12 16:38:41.344 [restartedMain] DEBUG c.n.security.JwtAuthenticationFilter - Filter 'jwtAuthenticationFilter' configured for use
2025-10-12 16:38:41.344 [restartedMain] DEBUG o.s.w.f.ServerHttpObservationFilter - Filter 'webMvcObservationFilter' configured for use
2025-10-12 16:38:41.786 [restartedMain] WARN  o.s.b.w.s.c.AnnotationConfigServletWebServerApplicationContext - Exception encountered during context initialization - cancelling refresh attempt: org.springframework.beans.factory.BeanCreationException: Error creating bean with name 'stripeController': Injection of autowired dependencies failed
2025-10-12 16:38:41.786 [restartedMain] INFO  o.s.o.j.LocalContainerEntityManagerFactoryBean - Closing JPA EntityManagerFactory for persistence unit 'default'
2025-10-12 16:38:41.788 [restartedMain] INFO  com.zaxxer.hikari.HikariDataSource - HikariPool-4 - Shutdown initiated...
2025-10-12 16:38:41.798 [restartedMain] INFO  com.zaxxer.hikari.HikariDataSource - HikariPool-4 - Shutdown completed.
2025-10-12 16:38:41.799 [restartedMain] INFO  o.a.catalina.core.StandardService - Stopping service [Tomcat]
2025-10-12 16:38:41.809 [restartedMain] INFO  o.s.b.a.l.ConditionEvaluationReportLogger - 

Error starting ApplicationContext. To display the condition evaluation report re-run your application with 'debug' enabled.
2025-10-12 16:38:41.812 [restartedMain] ERROR o.s.boot.SpringApplication - Application run failed
org.springframework.beans.factory.BeanCreationException: Error creating bean with name 'stripeController': Injection of autowired dependencies failed
	at org.springframework.beans.factory.annotation.AutowiredAnnotationBeanPostProcessor.postProcessProperties(AutowiredAnnotationBeanPostProcessor.java:499) ~[spring-beans-6.1.1.jar:6.1.1]
	at org.springframework.beans.factory.support.AbstractAutowireCapableBeanFactory.populateBean(AbstractAutowireCapableBeanFactory.java:1420) ~[spring-beans-6.1.1.jar:6.1.1]
	at org.springframework.beans.factory.support.AbstractAutowireCapableBeanFactory.doCreateBean(AbstractAutowireCapableBeanFactory.java:600) ~[spring-beans-6.1.1.jar:6.1.1]
	at org.springframework.beans.factory.support.AbstractAutowireCapableBeanFactory.createBean(AbstractAutowireCapableBeanFactory.java:523) ~[spring-beans-6.1.1.jar:6.1.1]
	at org.springframework.beans.factory.support.AbstractBeanFactory.lambda$doGetBean$0(AbstractBeanFactory.java:325) ~[spring-beans-6.1.1.jar:6.1.1]
	at org.springframework.beans.factory.support.DefaultSingletonBeanRegistry.getSingleton(DefaultSingletonBeanRegistry.java:234) ~[spring-beans-6.1.1.jar:6.1.1]
	at org.springframework.beans.factory.support.AbstractBeanFactory.doGetBean(AbstractBeanFactory.java:323) ~[spring-beans-6.1.1.jar:6.1.1]
	at org.springframework.beans.factory.support.AbstractBeanFactory.getBean(AbstractBeanFactory.java:199) ~[spring-beans-6.1.1.jar:6.1.1]
	at org.springframework.beans.factory.support.DefaultListableBeanFactory.preInstantiateSingletons(DefaultListableBeanFactory.java:973) ~[spring-beans-6.1.1.jar:6.1.1]
	at org.springframework.context.support.AbstractApplicationContext.finishBeanFactoryInitialization(AbstractApplicationContext.java:946) ~[spring-context-6.1.1.jar:6.1.1]
	at org.springframework.context.support.AbstractApplicationContext.refresh(AbstractApplicationContext.java:616) ~[spring-context-6.1.1.jar:6.1.1]
	at org.springframework.boot.web.servlet.context.ServletWebServerApplicationContext.refresh(ServletWebServerApplicationContext.java:146) ~[spring-boot-3.2.0.jar:3.2.0]
	at org.springframework.boot.SpringApplication.refresh(SpringApplication.java:753) ~[spring-boot-3.2.0.jar:3.2.0]
	at org.springframework.boot.SpringApplication.refreshContext(SpringApplication.java:455) ~[spring-boot-3.2.0.jar:3.2.0]
	at org.springframework.boot.SpringApplication.run(SpringApplication.java:323) ~[spring-boot-3.2.0.jar:3.2.0]
	at org.springframework.boot.SpringApplication.run(SpringApplication.java:1342) ~[spring-boot-3.2.0.jar:3.2.0]
	at org.springframework.boot.SpringApplication.run(SpringApplication.java:1331) ~[spring-boot-3.2.0.jar:3.2.0]
	at com.nbjgroup.TenantManagementApplication.main(TenantManagementApplication.java:33) ~[classes/:na]
	at java.base/jdk.internal.reflect.NativeMethodAccessorImpl.invoke0(Native Method) ~[na:na]
	at java.base/jdk.internal.reflect.NativeMethodAccessorImpl.invoke(NativeMethodAccessorImpl.java:77) ~[na:na]
	at java.base/jdk.internal.reflect.DelegatingMethodAccessorImpl.invoke(DelegatingMethodAccessorImpl.java:43) ~[na:na]
	at java.base/java.lang.reflect.Method.invoke(Method.java:568) ~[na:na]
	at org.springframework.boot.devtools.restart.RestartLauncher.run(RestartLauncher.java:50) ~[spring-boot-devtools-3.2.0.jar:3.2.0]
Caused by: java.lang.IllegalArgumentException: Could not resolve placeholder 'stripe.secret-key' in value "${stripe.secret-key}"
	at org.springframework.util.PropertyPlaceholderHelper.parseStringValue(PropertyPlaceholderHelper.java:180) ~[spring-core-6.1.1.jar:6.1.1]
	at org.springframework.util.PropertyPlaceholderHelper.replacePlaceholders(PropertyPlaceholderHelper.java:126) ~[spring-core-6.1.1.jar:6.1.1]
	at org.springframework.core.env.AbstractPropertyResolver.doResolvePlaceholders(AbstractPropertyResolver.java:239) ~[spring-core-6.1.1.jar:6.1.1]
	at org.springframework.core.env.AbstractPropertyResolver.resolveRequiredPlaceholders(AbstractPropertyResolver.java:210) ~[spring-core-6.1.1.jar:6.1.1]
	at org.springframework.context.support.PropertySourcesPlaceholderConfigurer.lambda$processProperties$0(PropertySourcesPlaceholderConfigurer.java:200) ~[spring-context-6.1.1.jar:6.1.1]
	at org.springframework.beans.factory.support.AbstractBeanFactory.resolveEmbeddedValue(AbstractBeanFactory.java:921) ~[spring-beans-6.1.1.jar:6.1.1]
	at org.springframework.beans.factory.support.DefaultListableBeanFactory.doResolveDependency(DefaultListableBeanFactory.java:1372) ~[spring-beans-6.1.1.jar:6.1.1]
	at org.springframework.beans.factory.support.DefaultListableBeanFactory.resolveDependency(DefaultListableBeanFactory.java:1348) ~[spring-beans-6.1.1.jar:6.1.1]
	at org.springframework.beans.factory.annotation.AutowiredAnnotationBeanPostProcessor$AutowiredFieldElement.resolveFieldValue(AutowiredAnnotationBeanPostProcessor.java:769) ~[spring-beans-6.1.1.jar:6.1.1]
	at org.springframework.beans.factory.annotation.AutowiredAnnotationBeanPostProcessor$AutowiredFieldElement.inject(AutowiredAnnotationBeanPostProcessor.java:752) ~[spring-beans-6.1.1.jar:6.1.1]
	at org.springframework.beans.factory.annotation.InjectionMetadata.inject(InjectionMetadata.java:145) ~[spring-beans-6.1.1.jar:6.1.1]
	at org.springframework.beans.factory.annotation.AutowiredAnnotationBeanPostProcessor.postProcessProperties(AutowiredAnnotationBeanPostProcessor.java:493) ~[spring-beans-6.1.1.jar:6.1.1]
	... 22 common frames omitted
2025-10-12 16:38:50.014 [restartedMain] INFO  c.n.TenantManagementApplication - Starting TenantManagementApplication using Java 17.0.5 with PID 6036 (D:\njbGroup\home\ubuntu\nbj-group\backend\target\classes started by emilg in D:\njbGroup\home\ubuntu\nbj-group\backend)
2025-10-12 16:38:50.018 [restartedMain] DEBUG c.n.TenantManagementApplication - Running with Spring Boot v3.2.0, Spring v6.1.1
2025-10-12 16:38:50.020 [restartedMain] INFO  c.n.TenantManagementApplication - No active profile set, falling back to 1 default profile: "default"
2025-10-12 16:38:50.162 [restartedMain] INFO  o.s.b.d.e.DevToolsPropertyDefaultsPostProcessor - Devtools property defaults active! Set 'spring.devtools.add-properties' to 'false' to disable
2025-10-12 16:38:50.162 [restartedMain] INFO  o.s.b.d.e.DevToolsPropertyDefaultsPostProcessor - For additional web related logging consider setting the 'logging.level.web' property to 'DEBUG'
2025-10-12 16:38:52.002 [restartedMain] INFO  o.s.d.r.c.RepositoryConfigurationDelegate - Bootstrapping Spring Data JPA repositories in DEFAULT mode.
2025-10-12 16:38:52.119 [restartedMain] INFO  o.s.d.r.c.RepositoryConfigurationDelegate - Finished Spring Data repository scanning in 101 ms. Found 6 JPA repository interfaces.
2025-10-12 16:38:53.652 [restartedMain] INFO  o.s.b.w.e.tomcat.TomcatWebServer - Tomcat initialized with port 8080 (http)
2025-10-12 16:38:53.663 [restartedMain] INFO  o.a.catalina.core.StandardService - Starting service [Tomcat]
2025-10-12 16:38:53.663 [restartedMain] INFO  o.a.catalina.core.StandardEngine - Starting Servlet engine: [Apache Tomcat/10.1.16]
2025-10-12 16:38:53.765 [restartedMain] INFO  o.a.c.c.C.[.[localhost].[/api] - Initializing Spring embedded WebApplicationContext
2025-10-12 16:38:53.766 [restartedMain] INFO  o.s.b.w.s.c.ServletWebServerApplicationContext - Root WebApplicationContext: initialization completed in 3604 ms
2025-10-12 16:38:54.356 [restartedMain] INFO  o.h.jpa.internal.util.LogHelper - HHH000204: Processing PersistenceUnitInfo [name: default]
2025-10-12 16:38:54.430 [restartedMain] INFO  org.hibernate.Version - HHH000412: Hibernate ORM core version 6.3.1.Final
2025-10-12 16:38:54.488 [restartedMain] INFO  o.h.c.i.RegionFactoryInitiator - HHH000026: Second-level cache disabled
2025-10-12 16:38:54.864 [restartedMain] INFO  o.s.o.j.p.SpringPersistenceUnitInfo - No LoadTimeWeaver setup: ignoring JPA class transformer
2025-10-12 16:38:54.908 [restartedMain] INFO  com.zaxxer.hikari.HikariDataSource - HikariPool-1 - Starting...
2025-10-12 16:38:55.182 [restartedMain] INFO  com.zaxxer.hikari.pool.HikariPool - HikariPool-1 - Added connection org.postgresql.jdbc.PgConnection@484b91cb
2025-10-12 16:38:55.185 [restartedMain] INFO  com.zaxxer.hikari.HikariDataSource - HikariPool-1 - Start completed.
2025-10-12 16:38:55.240 [restartedMain] WARN  org.hibernate.orm.deprecation - HHH90000025: PostgreSQLDialect does not need to be specified explicitly using 'hibernate.dialect' (remove the property setting and it will be selected by default)
2025-10-12 16:38:57.008 [restartedMain] INFO  o.h.e.t.j.p.i.JtaPlatformInitiator - HHH000489: No JTA platform available (set 'hibernate.transaction.jta.platform' to enable JTA platform integration)
2025-10-12 16:38:57.290 [restartedMain] INFO  o.s.o.j.LocalContainerEntityManagerFactoryBean - Initialized JPA EntityManagerFactory for persistence unit 'default'
2025-10-12 16:38:57.918 [restartedMain] INFO  o.s.d.j.r.query.QueryEnhancerFactory - Hibernate is in classpath; If applicable, HQL parser will be used.
2025-10-12 16:38:59.476 [restartedMain] DEBUG c.n.security.JwtAuthenticationFilter - Filter 'jwtAuthenticationFilter' configured for use
2025-10-12 16:38:59.476 [restartedMain] DEBUG o.s.w.f.ServerHttpObservationFilter - Filter 'webMvcObservationFilter' configured for use
2025-10-12 16:39:00.347 [restartedMain] WARN  o.s.b.w.s.c.AnnotationConfigServletWebServerApplicationContext - Exception encountered during context initialization - cancelling refresh attempt: org.springframework.beans.factory.BeanCreationException: Error creating bean with name 'stripeController': Injection of autowired dependencies failed
2025-10-12 16:39:00.349 [restartedMain] INFO  o.s.o.j.LocalContainerEntityManagerFactoryBean - Closing JPA EntityManagerFactory for persistence unit 'default'
2025-10-12 16:39:00.351 [restartedMain] INFO  com.zaxxer.hikari.HikariDataSource - HikariPool-1 - Shutdown initiated...
2025-10-12 16:39:00.361 [restartedMain] INFO  com.zaxxer.hikari.HikariDataSource - HikariPool-1 - Shutdown completed.
2025-10-12 16:39:00.374 [restartedMain] INFO  o.a.catalina.core.StandardService - Stopping service [Tomcat]
2025-10-12 16:39:00.392 [restartedMain] INFO  o.s.b.a.l.ConditionEvaluationReportLogger - 

Error starting ApplicationContext. To display the condition evaluation report re-run your application with 'debug' enabled.
2025-10-12 16:39:00.439 [restartedMain] ERROR o.s.boot.SpringApplication - Application run failed
org.springframework.beans.factory.BeanCreationException: Error creating bean with name 'stripeController': Injection of autowired dependencies failed
	at org.springframework.beans.factory.annotation.AutowiredAnnotationBeanPostProcessor.postProcessProperties(AutowiredAnnotationBeanPostProcessor.java:499)
	at org.springframework.beans.factory.support.AbstractAutowireCapableBeanFactory.populateBean(AbstractAutowireCapableBeanFactory.java:1420)
	at org.springframework.beans.factory.support.AbstractAutowireCapableBeanFactory.doCreateBean(AbstractAutowireCapableBeanFactory.java:600)
	at org.springframework.beans.factory.support.AbstractAutowireCapableBeanFactory.createBean(AbstractAutowireCapableBeanFactory.java:523)
	at org.springframework.beans.factory.support.AbstractBeanFactory.lambda$doGetBean$0(AbstractBeanFactory.java:325)
	at org.springframework.beans.factory.support.DefaultSingletonBeanRegistry.getSingleton(DefaultSingletonBeanRegistry.java:234)
	at org.springframework.beans.factory.support.AbstractBeanFactory.doGetBean(AbstractBeanFactory.java:323)
	at org.springframework.beans.factory.support.AbstractBeanFactory.getBean(AbstractBeanFactory.java:199)
	at org.springframework.beans.factory.support.DefaultListableBeanFactory.preInstantiateSingletons(DefaultListableBeanFactory.java:973)
	at org.springframework.context.support.AbstractApplicationContext.finishBeanFactoryInitialization(AbstractApplicationContext.java:946)
	at org.springframework.context.support.AbstractApplicationContext.refresh(AbstractApplicationContext.java:616)
	at org.springframework.boot.web.servlet.context.ServletWebServerApplicationContext.refresh(ServletWebServerApplicationContext.java:146)
	at org.springframework.boot.SpringApplication.refresh(SpringApplication.java:753)
	at org.springframework.boot.SpringApplication.refreshContext(SpringApplication.java:455)
	at org.springframework.boot.SpringApplication.run(SpringApplication.java:323)
	at org.springframework.boot.SpringApplication.run(SpringApplication.java:1342)
	at org.springframework.boot.SpringApplication.run(SpringApplication.java:1331)
	at com.nbjgroup.TenantManagementApplication.main(TenantManagementApplication.java:33)
	at java.base/jdk.internal.reflect.NativeMethodAccessorImpl.invoke0(Native Method)
	at java.base/jdk.internal.reflect.NativeMethodAccessorImpl.invoke(NativeMethodAccessorImpl.java:77)
	at java.base/jdk.internal.reflect.DelegatingMethodAccessorImpl.invoke(DelegatingMethodAccessorImpl.java:43)
	at java.base/java.lang.reflect.Method.invoke(Method.java:568)
	at org.springframework.boot.devtools.restart.RestartLauncher.run(RestartLauncher.java:50)
Caused by: java.lang.IllegalArgumentException: Could not resolve placeholder 'stripe.secret-key' in value "${stripe.secret-key}"
	at org.springframework.util.PropertyPlaceholderHelper.parseStringValue(PropertyPlaceholderHelper.java:180)
	at org.springframework.util.PropertyPlaceholderHelper.replacePlaceholders(PropertyPlaceholderHelper.java:126)
	at org.springframework.core.env.AbstractPropertyResolver.doResolvePlaceholders(AbstractPropertyResolver.java:239)
	at org.springframework.core.env.AbstractPropertyResolver.resolveRequiredPlaceholders(AbstractPropertyResolver.java:210)
	at org.springframework.context.support.PropertySourcesPlaceholderConfigurer.lambda$processProperties$0(PropertySourcesPlaceholderConfigurer.java:200)
	at org.springframework.beans.factory.support.AbstractBeanFactory.resolveEmbeddedValue(AbstractBeanFactory.java:921)
	at org.springframework.beans.factory.support.DefaultListableBeanFactory.doResolveDependency(DefaultListableBeanFactory.java:1372)
	at org.springframework.beans.factory.support.DefaultListableBeanFactory.resolveDependency(DefaultListableBeanFactory.java:1348)
	at org.springframework.beans.factory.annotation.AutowiredAnnotationBeanPostProcessor$AutowiredFieldElement.resolveFieldValue(AutowiredAnnotationBeanPostProcessor.java:769)
	at org.springframework.beans.factory.annotation.AutowiredAnnotationBeanPostProcessor$AutowiredFieldElement.inject(AutowiredAnnotationBeanPostProcessor.java:752)
	at org.springframework.beans.factory.annotation.InjectionMetadata.inject(InjectionMetadata.java:145)
	at org.springframework.beans.factory.annotation.AutowiredAnnotationBeanPostProcessor.postProcessProperties(AutowiredAnnotationBeanPostProcessor.java:493)
	... 22 common frames omitted
